{"level":"info","message":"Registering user: undefined, undefined, undefined","timestamp":"2024-07-04T19:48:20.955Z"}
{"level":"error","message":"Error registering user: data and salt arguments required","stack":"Error: data and salt arguments required\n    at Object.hash (/Users/jerelljansson/Library/CloudStorage/OneDrive-YourAutomation/Code/Project Gym/backend/node_modules/bcrypt/bcrypt.js:137:17)\n    at /Users/jerelljansson/Library/CloudStorage/OneDrive-YourAutomation/Code/Project Gym/backend/node_modules/bcrypt/promises.js:29:12\n    at new Promise (<anonymous>)\n    at module.exports.promise (/Users/jerelljansson/Library/CloudStorage/OneDrive-YourAutomation/Code/Project Gym/backend/node_modules/bcrypt/promises.js:20:12)\n    at Object.hash (/Users/jerelljansson/Library/CloudStorage/OneDrive-YourAutomation/Code/Project Gym/backend/node_modules/bcrypt/bcrypt.js:133:25)\n    at exports.registerUser (/Users/jerelljansson/Library/CloudStorage/OneDrive-YourAutomation/Code/Project Gym/backend/controllers/userController.js:17:45)","timestamp":"2024-07-04T19:48:20.959Z"}
{"level":"info","message":"Registering user: Jan Jansen, jan.jansen@example.com, klant","timestamp":"2024-07-04T19:57:53.271Z"}
{"level":"error","message":"Error registering user: Operation `users.insertOne()` buffering timed out after 10000ms","stack":"MongooseError: Operation `users.insertOne()` buffering timed out after 10000ms\n    at Timeout.<anonymous> (/Users/jerelljansson/Library/CloudStorage/OneDrive-YourAutomation/Code/Project Gym/backend/node_modules/mongoose/lib/drivers/node-mongodb-native/collection.js:185:23)\n    at listOnTimeout (node:internal/timers:573:17)\n    at process.processTimers (node:internal/timers:514:7)","timestamp":"2024-07-04T19:58:03.357Z"}
{"level":"info","message":"Verbonden met MongoDB","timestamp":"2024-07-04T20:07:41.853Z"}
{"level":"info","message":"Verbonden met MongoDB","timestamp":"2024-07-04T20:08:27.434Z"}
{"level":"info","message":"Server draait op poort 5001","timestamp":"2024-07-04T20:08:27.437Z"}
{"level":"info","message":"Registering user: Jan Jansen, jan.jansen@example.com, klant","timestamp":"2024-07-04T20:08:59.907Z"}
{"level":"error","message":"Error registering user: secretOrPrivateKey must have a value","stack":"Error: secretOrPrivateKey must have a value\n    at module.exports [as sign] (/Users/jerelljansson/Library/CloudStorage/OneDrive-YourAutomation/Code/Project Gym/backend/node_modules/jsonwebtoken/sign.js:111:20)\n    at generateToken (/Users/jerelljansson/Library/CloudStorage/OneDrive-YourAutomation/Code/Project Gym/backend/controllers/userController.js:8:16)\n    at exports.registerUser (/Users/jerelljansson/Library/CloudStorage/OneDrive-YourAutomation/Code/Project Gym/backend/controllers/userController.js:20:23)\n    at process.processTicksAndRejections (node:internal/process/task_queues:95:5)","timestamp":"2024-07-04T20:08:59.994Z"}
{"level":"info","message":"Verbonden met MongoDB","timestamp":"2024-07-04T22:06:07.264Z"}
{"level":"info","message":"Server draait op poort 5001","timestamp":"2024-07-04T22:06:07.268Z"}
{"level":"info","message":"Registering user: Jan Jansen2, jan.jansen2@example.com, klant","timestamp":"2024-07-04T22:07:44.753Z"}
{"level":"error","message":"Error registering user: secretOrPrivateKey must have a value","stack":"Error: secretOrPrivateKey must have a value\n    at module.exports [as sign] (/Users/jerelljansson/Library/CloudStorage/OneDrive-YourAutomation/Code/Project Gym/backend/node_modules/jsonwebtoken/sign.js:111:20)\n    at generateToken (/Users/jerelljansson/Library/CloudStorage/OneDrive-YourAutomation/Code/Project Gym/backend/controllers/userController.js:8:16)\n    at exports.registerUser (/Users/jerelljansson/Library/CloudStorage/OneDrive-YourAutomation/Code/Project Gym/backend/controllers/userController.js:20:23)\n    at process.processTicksAndRejections (node:internal/process/task_queues:95:5)","timestamp":"2024-07-04T22:07:44.841Z"}
{"level":"info","message":"Verbonden met MongoDB","timestamp":"2024-07-04T22:13:57.004Z"}
{"level":"info","message":"Server draait op poort 5001","timestamp":"2024-07-04T22:13:57.007Z"}
{"level":"info","message":"Registering user: Jan Jansen2, jan.jansen2@example.com, klant","timestamp":"2024-07-04T22:14:06.135Z"}
{"code":11000,"errorResponse":{"code":11000,"errmsg":"E11000 duplicate key error collection: training-app.users index: email_1 dup key: { email: \"jan.jansen2@example.com\" }","index":0,"keyPattern":{"email":1},"keyValue":{"email":"jan.jansen2@example.com"}},"index":0,"keyPattern":{"email":1},"keyValue":{"email":"jan.jansen2@example.com"},"level":"error","message":"Error registering user: E11000 duplicate key error collection: training-app.users index: email_1 dup key: { email: \"jan.jansen2@example.com\" }","stack":"MongoServerError: E11000 duplicate key error collection: training-app.users index: email_1 dup key: { email: \"jan.jansen2@example.com\" }\n    at InsertOneOperation.execute (/Users/jerelljansson/Library/CloudStorage/OneDrive-YourAutomation/Code/Project Gym/backend/node_modules/mongodb/lib/operations/insert.js:51:19)\n    at process.processTicksAndRejections (node:internal/process/task_queues:95:5)\n    at async executeOperation (/Users/jerelljansson/Library/CloudStorage/OneDrive-YourAutomation/Code/Project Gym/backend/node_modules/mongodb/lib/operations/execute_operation.js:136:16)\n    at async Collection.insertOne (/Users/jerelljansson/Library/CloudStorage/OneDrive-YourAutomation/Code/Project Gym/backend/node_modules/mongodb/lib/collection.js:155:16)","timestamp":"2024-07-04T22:14:06.246Z"}
{"level":"info","message":"Registering user: Jan Jansen3, jan.jansen3@example.com, klant","timestamp":"2024-07-04T22:14:23.798Z"}
{"level":"error","message":"Error registering user: secretOrPrivateKey must have a value","stack":"Error: secretOrPrivateKey must have a value\n    at module.exports [as sign] (/Users/jerelljansson/Library/CloudStorage/OneDrive-YourAutomation/Code/Project Gym/backend/node_modules/jsonwebtoken/sign.js:111:20)\n    at generateToken (/Users/jerelljansson/Library/CloudStorage/OneDrive-YourAutomation/Code/Project Gym/backend/controllers/userController.js:8:16)\n    at exports.registerUser (/Users/jerelljansson/Library/CloudStorage/OneDrive-YourAutomation/Code/Project Gym/backend/controllers/userController.js:20:23)\n    at process.processTicksAndRejections (node:internal/process/task_queues:95:5)","timestamp":"2024-07-04T22:14:23.878Z"}
{"level":"info","message":"Verbonden met MongoDB","timestamp":"2024-07-04T22:19:01.614Z"}
{"level":"info","message":"Server draait op poort 5001","timestamp":"2024-07-04T22:19:01.618Z"}
{"level":"info","message":"Registering user: Jan Jansen4, jan.jansen4@example.com, klant","timestamp":"2024-07-04T22:19:12.630Z"}
{"level":"error","message":"Error registering user: secretOrPrivateKey must have a value","stack":"Error: secretOrPrivateKey must have a value\n    at module.exports [as sign] (/Users/jerelljansson/Library/CloudStorage/OneDrive-YourAutomation/Code/Project Gym/backend/node_modules/jsonwebtoken/sign.js:111:20)\n    at generateToken (/Users/jerelljansson/Library/CloudStorage/OneDrive-YourAutomation/Code/Project Gym/backend/controllers/userController.js:7:16)\n    at exports.registerUser (/Users/jerelljansson/Library/CloudStorage/OneDrive-YourAutomation/Code/Project Gym/backend/controllers/userController.js:19:23)\n    at process.processTicksAndRejections (node:internal/process/task_queues:95:5)","timestamp":"2024-07-04T22:19:12.727Z"}
{"level":"info","message":"Verbonden met MongoDB","timestamp":"2024-07-04T22:22:41.419Z"}
{"level":"info","message":"Server draait op poort 5001","timestamp":"2024-07-04T22:22:41.422Z"}
{"level":"info","message":"Registering user: Jan Jansen4, jan.jansen4@example.com, klant","timestamp":"2024-07-04T22:23:10.995Z"}
{"code":11000,"errorResponse":{"code":11000,"errmsg":"E11000 duplicate key error collection: training-app.users index: email_1 dup key: { email: \"jan.jansen4@example.com\" }","index":0,"keyPattern":{"email":1},"keyValue":{"email":"jan.jansen4@example.com"}},"index":0,"keyPattern":{"email":1},"keyValue":{"email":"jan.jansen4@example.com"},"level":"error","message":"Error registering user: E11000 duplicate key error collection: training-app.users index: email_1 dup key: { email: \"jan.jansen4@example.com\" }","stack":"MongoServerError: E11000 duplicate key error collection: training-app.users index: email_1 dup key: { email: \"jan.jansen4@example.com\" }\n    at InsertOneOperation.execute (/Users/jerelljansson/Library/CloudStorage/OneDrive-YourAutomation/Code/Project Gym/backend/node_modules/mongodb/lib/operations/insert.js:51:19)\n    at process.processTicksAndRejections (node:internal/process/task_queues:95:5)\n    at async executeOperation (/Users/jerelljansson/Library/CloudStorage/OneDrive-YourAutomation/Code/Project Gym/backend/node_modules/mongodb/lib/operations/execute_operation.js:136:16)\n    at async Collection.insertOne (/Users/jerelljansson/Library/CloudStorage/OneDrive-YourAutomation/Code/Project Gym/backend/node_modules/mongodb/lib/collection.js:155:16)","timestamp":"2024-07-04T22:23:11.082Z"}
{"level":"info","message":"Registering user: Jan Jansen4, jan.jansen5@example.com, klant","timestamp":"2024-07-04T22:23:25.161Z"}
{"level":"error","message":"Error registering user: secretOrPrivateKey must have a value","stack":"Error: secretOrPrivateKey must have a value\n    at module.exports [as sign] (/Users/jerelljansson/Library/CloudStorage/OneDrive-YourAutomation/Code/Project Gym/backend/node_modules/jsonwebtoken/sign.js:111:20)\n    at generateToken (/Users/jerelljansson/Library/CloudStorage/OneDrive-YourAutomation/Code/Project Gym/backend/controllers/userController.js:7:16)\n    at exports.registerUser (/Users/jerelljansson/Library/CloudStorage/OneDrive-YourAutomation/Code/Project Gym/backend/controllers/userController.js:19:23)\n    at process.processTicksAndRejections (node:internal/process/task_queues:95:5)","timestamp":"2024-07-04T22:23:25.240Z"}
{"level":"info","message":"Verbonden met MongoDB","timestamp":"2024-07-04T22:26:21.298Z"}
{"level":"info","message":"Server draait op poort 5001","timestamp":"2024-07-04T22:26:21.301Z"}
{"level":"info","message":"Registering user: Jan Jansen4, jan.jansen6@example.com, klant","timestamp":"2024-07-04T22:26:41.381Z"}
{"level":"error","message":"Error registering user: secretOrPrivateKey must have a value","stack":"Error: secretOrPrivateKey must have a value\n    at module.exports [as sign] (/Users/jerelljansson/Library/CloudStorage/OneDrive-YourAutomation/Code/Project Gym/backend/node_modules/jsonwebtoken/sign.js:111:20)\n    at generateToken (/Users/jerelljansson/Library/CloudStorage/OneDrive-YourAutomation/Code/Project Gym/backend/controllers/userController.js:7:16)\n    at exports.registerUser (/Users/jerelljansson/Library/CloudStorage/OneDrive-YourAutomation/Code/Project Gym/backend/controllers/userController.js:19:23)\n    at process.processTicksAndRejections (node:internal/process/task_queues:95:5)","timestamp":"2024-07-04T22:26:41.480Z"}
{"level":"info","message":"Verbonden met MongoDB","timestamp":"2024-07-04T22:27:33.559Z"}
{"level":"info","message":"Server draait op poort 5001","timestamp":"2024-07-04T22:27:33.562Z"}
{"level":"info","message":"Registering user: Jan Jansen4, jan.jansen7@example.com, klant","timestamp":"2024-07-04T22:27:50.130Z"}
{"level":"error","message":"Error registering user: secretOrPrivateKey must have a value","stack":"Error: secretOrPrivateKey must have a value\n    at module.exports [as sign] (/Users/jerelljansson/Library/CloudStorage/OneDrive-YourAutomation/Code/Project Gym/backend/node_modules/jsonwebtoken/sign.js:111:20)\n    at generateToken (/Users/jerelljansson/Library/CloudStorage/OneDrive-YourAutomation/Code/Project Gym/backend/controllers/userController.js:7:16)\n    at exports.registerUser (/Users/jerelljansson/Library/CloudStorage/OneDrive-YourAutomation/Code/Project Gym/backend/controllers/userController.js:19:23)\n    at process.processTicksAndRejections (node:internal/process/task_queues:95:5)","timestamp":"2024-07-04T22:27:50.219Z"}
{"level":"info","message":"Verbonden met MongoDB","timestamp":"2024-07-04T22:29:55.472Z"}
{"level":"info","message":"Server draait op poort 5001","timestamp":"2024-07-04T22:29:55.476Z"}
{"level":"info","message":"Registering user: Jan Jansen4, jan.jansen8@example.com, klant","timestamp":"2024-07-04T22:30:02.322Z"}
{"level":"error","message":"Error registering user: secretOrPrivateKey must have a value","stack":"Error: secretOrPrivateKey must have a value\n    at module.exports [as sign] (/Users/jerelljansson/Library/CloudStorage/OneDrive-YourAutomation/Code/Project Gym/backend/node_modules/jsonwebtoken/sign.js:111:20)\n    at generateToken (/Users/jerelljansson/Library/CloudStorage/OneDrive-YourAutomation/Code/Project Gym/backend/controllers/userController.js:7:16)\n    at exports.registerUser (/Users/jerelljansson/Library/CloudStorage/OneDrive-YourAutomation/Code/Project Gym/backend/controllers/userController.js:19:23)\n    at process.processTicksAndRejections (node:internal/process/task_queues:95:5)","timestamp":"2024-07-04T22:30:02.411Z"}
{"level":"info","message":"Verbonden met MongoDB","timestamp":"2024-07-04T22:31:29.177Z"}
{"level":"info","message":"Server draait op poort 5001","timestamp":"2024-07-04T22:31:29.180Z"}
{"level":"info","message":"Registering user: Jan Jansen4, jan.jansen9@example.com, klant","timestamp":"2024-07-04T22:31:37.106Z"}
{"level":"error","message":"Error registering user: secretOrPrivateKey must have a value","stack":"Error: secretOrPrivateKey must have a value\n    at module.exports [as sign] (/Users/jerelljansson/Library/CloudStorage/OneDrive-YourAutomation/Code/Project Gym/backend/node_modules/jsonwebtoken/sign.js:111:20)\n    at generateToken (/Users/jerelljansson/Library/CloudStorage/OneDrive-YourAutomation/Code/Project Gym/backend/controllers/userController.js:7:16)\n    at exports.registerUser (/Users/jerelljansson/Library/CloudStorage/OneDrive-YourAutomation/Code/Project Gym/backend/controllers/userController.js:23:23)\n    at process.processTicksAndRejections (node:internal/process/task_queues:95:5)","timestamp":"2024-07-04T22:31:37.193Z"}
{"level":"info","message":"Verbonden met MongoDB","timestamp":"2024-07-04T22:36:13.548Z"}
{"level":"info","message":"Server draait op poort 5001","timestamp":"2024-07-04T22:36:13.551Z"}
{"level":"info","message":"Registering user: Jan Jansen4, jan.jansen10@example.com, klant","timestamp":"2024-07-04T22:36:21.015Z"}
{"level":"info","message":"Logging in user: jan.jansen10@example.com","timestamp":"2024-07-04T22:38:46.897Z"}
{"level":"error","message":"Error getting clients: mail is not defined","stack":"ReferenceError: mail is not defined\n    at exports.getClient (/Users/jerelljansson/Library/CloudStorage/OneDrive-YourAutomation/Code/Project Gym/backend/controllers/userController.js:67:45)\n    at Layer.handle [as handle_request] (/Users/jerelljansson/Library/CloudStorage/OneDrive-YourAutomation/Code/Project Gym/backend/node_modules/express/lib/router/layer.js:95:5)\n    at next (/Users/jerelljansson/Library/CloudStorage/OneDrive-YourAutomation/Code/Project Gym/backend/node_modules/express/lib/router/route.js:149:13)\n    at /Users/jerelljansson/Library/CloudStorage/OneDrive-YourAutomation/Code/Project Gym/backend/routes/userRoutes.js:40:5\n    at Layer.handle [as handle_request] (/Users/jerelljansson/Library/CloudStorage/OneDrive-YourAutomation/Code/Project Gym/backend/node_modules/express/lib/router/layer.js:95:5)\n    at next (/Users/jerelljansson/Library/CloudStorage/OneDrive-YourAutomation/Code/Project Gym/backend/node_modules/express/lib/router/route.js:149:13)\n    at middleware (/Users/jerelljansson/Library/CloudStorage/OneDrive-YourAutomation/Code/Project Gym/backend/node_modules/express-validator/lib/middlewares/check.js:16:13)\n    at process.processTicksAndRejections (node:internal/process/task_queues:95:5)","timestamp":"2024-07-04T22:40:38.077Z"}
{"level":"error","message":"Error getting clients: mail is not defined","stack":"ReferenceError: mail is not defined\n    at exports.getClient (/Users/jerelljansson/Library/CloudStorage/OneDrive-YourAutomation/Code/Project Gym/backend/controllers/userController.js:67:45)\n    at Layer.handle [as handle_request] (/Users/jerelljansson/Library/CloudStorage/OneDrive-YourAutomation/Code/Project Gym/backend/node_modules/express/lib/router/layer.js:95:5)\n    at next (/Users/jerelljansson/Library/CloudStorage/OneDrive-YourAutomation/Code/Project Gym/backend/node_modules/express/lib/router/route.js:149:13)\n    at /Users/jerelljansson/Library/CloudStorage/OneDrive-YourAutomation/Code/Project Gym/backend/routes/userRoutes.js:40:5\n    at Layer.handle [as handle_request] (/Users/jerelljansson/Library/CloudStorage/OneDrive-YourAutomation/Code/Project Gym/backend/node_modules/express/lib/router/layer.js:95:5)\n    at next (/Users/jerelljansson/Library/CloudStorage/OneDrive-YourAutomation/Code/Project Gym/backend/node_modules/express/lib/router/route.js:149:13)\n    at middleware (/Users/jerelljansson/Library/CloudStorage/OneDrive-YourAutomation/Code/Project Gym/backend/node_modules/express-validator/lib/middlewares/check.js:16:13)\n    at process.processTicksAndRejections (node:internal/process/task_queues:95:5)","timestamp":"2024-07-04T22:40:50.247Z"}
{"level":"error","message":"Error getting clients: mail is not defined","stack":"ReferenceError: mail is not defined\n    at exports.getClient (/Users/jerelljansson/Library/CloudStorage/OneDrive-YourAutomation/Code/Project Gym/backend/controllers/userController.js:67:45)\n    at Layer.handle [as handle_request] (/Users/jerelljansson/Library/CloudStorage/OneDrive-YourAutomation/Code/Project Gym/backend/node_modules/express/lib/router/layer.js:95:5)\n    at next (/Users/jerelljansson/Library/CloudStorage/OneDrive-YourAutomation/Code/Project Gym/backend/node_modules/express/lib/router/route.js:149:13)\n    at /Users/jerelljansson/Library/CloudStorage/OneDrive-YourAutomation/Code/Project Gym/backend/routes/userRoutes.js:40:5\n    at Layer.handle [as handle_request] (/Users/jerelljansson/Library/CloudStorage/OneDrive-YourAutomation/Code/Project Gym/backend/node_modules/express/lib/router/layer.js:95:5)\n    at next (/Users/jerelljansson/Library/CloudStorage/OneDrive-YourAutomation/Code/Project Gym/backend/node_modules/express/lib/router/route.js:149:13)\n    at middleware (/Users/jerelljansson/Library/CloudStorage/OneDrive-YourAutomation/Code/Project Gym/backend/node_modules/express-validator/lib/middlewares/check.js:16:13)\n    at process.processTicksAndRejections (node:internal/process/task_queues:95:5)","timestamp":"2024-07-04T22:42:19.814Z"}
{"level":"error","message":"Error getting clients: mail is not defined","stack":"ReferenceError: mail is not defined\n    at exports.getClient (/Users/jerelljansson/Library/CloudStorage/OneDrive-YourAutomation/Code/Project Gym/backend/controllers/userController.js:67:45)\n    at Layer.handle [as handle_request] (/Users/jerelljansson/Library/CloudStorage/OneDrive-YourAutomation/Code/Project Gym/backend/node_modules/express/lib/router/layer.js:95:5)\n    at next (/Users/jerelljansson/Library/CloudStorage/OneDrive-YourAutomation/Code/Project Gym/backend/node_modules/express/lib/router/route.js:149:13)\n    at /Users/jerelljansson/Library/CloudStorage/OneDrive-YourAutomation/Code/Project Gym/backend/routes/userRoutes.js:40:5\n    at Layer.handle [as handle_request] (/Users/jerelljansson/Library/CloudStorage/OneDrive-YourAutomation/Code/Project Gym/backend/node_modules/express/lib/router/layer.js:95:5)\n    at next (/Users/jerelljansson/Library/CloudStorage/OneDrive-YourAutomation/Code/Project Gym/backend/node_modules/express/lib/router/route.js:149:13)\n    at middleware (/Users/jerelljansson/Library/CloudStorage/OneDrive-YourAutomation/Code/Project Gym/backend/node_modules/express-validator/lib/middlewares/check.js:16:13)\n    at process.processTicksAndRejections (node:internal/process/task_queues:95:5)","timestamp":"2024-07-04T22:43:09.789Z"}
{"level":"info","message":"Verbonden met MongoDB","timestamp":"2024-07-04T22:43:15.501Z"}
{"level":"info","message":"Server draait op poort 5001","timestamp":"2024-07-04T22:43:15.504Z"}
{"level":"info","message":"Verbonden met MongoDB","timestamp":"2024-07-04T22:44:09.456Z"}
{"level":"info","message":"Server draait op poort 5001","timestamp":"2024-07-04T22:44:09.458Z"}
{"level":"info","message":"Getting client with email: undefined","timestamp":"2024-07-04T22:44:12.193Z"}
{"level":"info","message":"Verbonden met MongoDB","timestamp":"2024-07-04T22:44:35.005Z"}
{"level":"info","message":"Server draait op poort 5001","timestamp":"2024-07-04T22:44:35.007Z"}
{"level":"info","message":"Getting client with email: undefined","timestamp":"2024-07-04T22:44:40.679Z"}
{"level":"info","message":"Verbonden met MongoDB","timestamp":"2024-07-04T22:47:42.383Z"}
{"level":"info","message":"Server draait op poort 5001","timestamp":"2024-07-04T22:47:42.387Z"}
{"level":"info","message":"Getting client with email: undefined","timestamp":"2024-07-04T22:47:46.809Z"}
{"level":"info","message":"Getting client with email: undefined","timestamp":"2024-07-04T22:47:46.814Z"}
{"level":"info","message":"Verbonden met MongoDB","timestamp":"2024-07-04T22:48:18.279Z"}
{"level":"info","message":"Server draait op poort 5001","timestamp":"2024-07-04T22:48:18.282Z"}
{"level":"info","message":"het mail adres is: undefined","timestamp":"2024-07-04T22:48:21.861Z"}
{"level":"info","message":"Getting client with email: undefined","timestamp":"2024-07-04T22:48:21.868Z"}
{"level":"info","message":"het mail adres is: jan.jansen9@example.com","timestamp":"2024-07-04T22:52:08.481Z"}
{"level":"info","message":"Getting client with email: undefined","timestamp":"2024-07-04T22:52:08.484Z"}
{"level":"info","message":"Verbonden met MongoDB","timestamp":"2024-07-04T22:52:53.355Z"}
{"level":"info","message":"Server draait op poort 5001","timestamp":"2024-07-04T22:52:53.358Z"}
{"level":"info","message":"het mail adres is: jan.jansen9@example.com","timestamp":"2024-07-04T22:52:58.115Z"}
{"level":"info","message":"Getting client with email: jan.jansen9@example.com","timestamp":"2024-07-04T22:52:58.122Z"}
{"level":"info","message":"Verbonden met MongoDB","timestamp":"2024-07-04T23:38:22.007Z"}
{"level":"info","message":"Server draait op poort 5001","timestamp":"2024-07-04T23:38:22.011Z"}
{"level":"info","message":"Verbonden met MongoDB","timestamp":"2024-07-05T13:07:22.891Z"}
{"level":"info","message":"Server draait op poort 5001","timestamp":"2024-07-05T13:07:22.894Z"}
{"level":"info","message":"Verbonden met MongoDB","timestamp":"2024-07-09T07:11:06.578Z"}
{"level":"info","message":"Server draait op poort 5001","timestamp":"2024-07-09T07:11:06.582Z"}
{"level":"info","message":"Verbonden met MongoDB","timestamp":"2024-07-09T07:12:32.672Z"}
{"level":"info","message":"Server draait op poort 5001","timestamp":"2024-07-09T07:12:32.675Z"}
{"level":"info","message":"Verbonden met MongoDB","timestamp":"2024-07-09T07:15:18.584Z"}
{"level":"info","message":"Server draait op poort 5001","timestamp":"2024-07-09T07:15:18.586Z"}
{"level":"info","message":"Verbonden met MongoDB","timestamp":"2024-07-09T08:06:04.345Z"}
{"level":"info","message":"Server draait op poort 5001","timestamp":"2024-07-09T08:06:04.348Z"}
{"level":"info","message":"de naam van de oefening is: undefined","timestamp":"2024-07-09T08:06:12.047Z"}
{"level":"info","message":"Verbonden met MongoDB","timestamp":"2024-07-09T08:11:30.099Z"}
{"level":"info","message":"Server draait op poort 5001","timestamp":"2024-07-09T08:11:30.103Z"}
{"level":"error","message":"Error getting excersise: Invalid select: select only takes 1 argument","stack":"Error: Invalid select: select only takes 1 argument\n    at model.Query.select (/Users/jerelljansson/Library/CloudStorage/OneDrive-YourAutomation/Code/Project Gym/backend/node_modules/mongoose/lib/query.js:1066:11)\n    at exports.getExcercises (/Users/jerelljansson/Library/CloudStorage/OneDrive-YourAutomation/Code/Project Gym/backend/controllers/excerciseController.js:7:55)\n    at Layer.handle [as handle_request] (/Users/jerelljansson/Library/CloudStorage/OneDrive-YourAutomation/Code/Project Gym/backend/node_modules/express/lib/router/layer.js:95:5)\n    at next (/Users/jerelljansson/Library/CloudStorage/OneDrive-YourAutomation/Code/Project Gym/backend/node_modules/express/lib/router/route.js:149:13)\n    at Route.dispatch (/Users/jerelljansson/Library/CloudStorage/OneDrive-YourAutomation/Code/Project Gym/backend/node_modules/express/lib/router/route.js:119:3)\n    at Layer.handle [as handle_request] (/Users/jerelljansson/Library/CloudStorage/OneDrive-YourAutomation/Code/Project Gym/backend/node_modules/express/lib/router/layer.js:95:5)\n    at /Users/jerelljansson/Library/CloudStorage/OneDrive-YourAutomation/Code/Project Gym/backend/node_modules/express/lib/router/index.js:284:15\n    at Function.process_params (/Users/jerelljansson/Library/CloudStorage/OneDrive-YourAutomation/Code/Project Gym/backend/node_modules/express/lib/router/index.js:346:12)\n    at next (/Users/jerelljansson/Library/CloudStorage/OneDrive-YourAutomation/Code/Project Gym/backend/node_modules/express/lib/router/index.js:280:10)\n    at Function.handle (/Users/jerelljansson/Library/CloudStorage/OneDrive-YourAutomation/Code/Project Gym/backend/node_modules/express/lib/router/index.js:175:3)","timestamp":"2024-07-09T08:11:41.213Z"}
{"level":"info","message":"Verbonden met MongoDB","timestamp":"2024-07-09T08:13:19.977Z"}
{"level":"info","message":"Server draait op poort 5001","timestamp":"2024-07-09T08:13:19.980Z"}
{"level":"error","message":"Error getting excersise: clients is not defined","stack":"ReferenceError: clients is not defined\n    at exports.getExcercises (/Users/jerelljansson/Library/CloudStorage/OneDrive-YourAutomation/Code/Project Gym/backend/controllers/excerciseController.js:8:30)\n    at process.processTicksAndRejections (node:internal/process/task_queues:95:5)","timestamp":"2024-07-09T08:13:25.674Z"}
{"level":"info","message":"Verbonden met MongoDB","timestamp":"2024-07-09T08:13:55.104Z"}
{"level":"info","message":"Server draait op poort 5001","timestamp":"2024-07-09T08:13:55.107Z"}
{"level":"info","message":"de naam van de oefening is: \"Ab Roller\"","timestamp":"2024-07-09T08:17:45.376Z"}
{"level":"error","message":"Error getting excersise:: User is not defined","stack":"ReferenceError: User is not defined\n    at exports.getExcercise (/Users/jerelljansson/Library/CloudStorage/OneDrive-YourAutomation/Code/Project Gym/backend/controllers/excerciseController.js:18:24)\n    at Layer.handle [as handle_request] (/Users/jerelljansson/Library/CloudStorage/OneDrive-YourAutomation/Code/Project Gym/backend/node_modules/express/lib/router/layer.js:95:5)\n    at next (/Users/jerelljansson/Library/CloudStorage/OneDrive-YourAutomation/Code/Project Gym/backend/node_modules/express/lib/router/route.js:149:13)\n    at /Users/jerelljansson/Library/CloudStorage/OneDrive-YourAutomation/Code/Project Gym/backend/routes/excerciseRoutes.js:45:5\n    at Layer.handle [as handle_request] (/Users/jerelljansson/Library/CloudStorage/OneDrive-YourAutomation/Code/Project Gym/backend/node_modules/express/lib/router/layer.js:95:5)\n    at next (/Users/jerelljansson/Library/CloudStorage/OneDrive-YourAutomation/Code/Project Gym/backend/node_modules/express/lib/router/route.js:149:13)\n    at Route.dispatch (/Users/jerelljansson/Library/CloudStorage/OneDrive-YourAutomation/Code/Project Gym/backend/node_modules/express/lib/router/route.js:119:3)\n    at Layer.handle [as handle_request] (/Users/jerelljansson/Library/CloudStorage/OneDrive-YourAutomation/Code/Project Gym/backend/node_modules/express/lib/router/layer.js:95:5)\n    at /Users/jerelljansson/Library/CloudStorage/OneDrive-YourAutomation/Code/Project Gym/backend/node_modules/express/lib/router/index.js:284:15\n    at Function.process_params (/Users/jerelljansson/Library/CloudStorage/OneDrive-YourAutomation/Code/Project Gym/backend/node_modules/express/lib/router/index.js:346:12)","timestamp":"2024-07-09T08:17:45.377Z"}
{"level":"info","message":"de naam van de oefening is: Ab Roller","timestamp":"2024-07-09T08:57:41.145Z"}
{"level":"error","message":"Error getting excersise:: User is not defined","stack":"ReferenceError: User is not defined\n    at exports.getExcercise (/Users/jerelljansson/Library/CloudStorage/OneDrive-YourAutomation/Code/Project Gym/backend/controllers/excerciseController.js:18:24)\n    at Layer.handle [as handle_request] (/Users/jerelljansson/Library/CloudStorage/OneDrive-YourAutomation/Code/Project Gym/backend/node_modules/express/lib/router/layer.js:95:5)\n    at next (/Users/jerelljansson/Library/CloudStorage/OneDrive-YourAutomation/Code/Project Gym/backend/node_modules/express/lib/router/route.js:149:13)\n    at /Users/jerelljansson/Library/CloudStorage/OneDrive-YourAutomation/Code/Project Gym/backend/routes/excerciseRoutes.js:45:5\n    at Layer.handle [as handle_request] (/Users/jerelljansson/Library/CloudStorage/OneDrive-YourAutomation/Code/Project Gym/backend/node_modules/express/lib/router/layer.js:95:5)\n    at next (/Users/jerelljansson/Library/CloudStorage/OneDrive-YourAutomation/Code/Project Gym/backend/node_modules/express/lib/router/route.js:149:13)\n    at Route.dispatch (/Users/jerelljansson/Library/CloudStorage/OneDrive-YourAutomation/Code/Project Gym/backend/node_modules/express/lib/router/route.js:119:3)\n    at Layer.handle [as handle_request] (/Users/jerelljansson/Library/CloudStorage/OneDrive-YourAutomation/Code/Project Gym/backend/node_modules/express/lib/router/layer.js:95:5)\n    at /Users/jerelljansson/Library/CloudStorage/OneDrive-YourAutomation/Code/Project Gym/backend/node_modules/express/lib/router/index.js:284:15\n    at Function.process_params (/Users/jerelljansson/Library/CloudStorage/OneDrive-YourAutomation/Code/Project Gym/backend/node_modules/express/lib/router/index.js:346:12)","timestamp":"2024-07-09T08:57:41.146Z"}
{"level":"info","message":"de naam van de oefening is: 'Ab Roller'","timestamp":"2024-07-09T08:57:58.257Z"}
{"level":"error","message":"Error getting excersise:: User is not defined","stack":"ReferenceError: User is not defined\n    at exports.getExcercise (/Users/jerelljansson/Library/CloudStorage/OneDrive-YourAutomation/Code/Project Gym/backend/controllers/excerciseController.js:18:24)\n    at Layer.handle [as handle_request] (/Users/jerelljansson/Library/CloudStorage/OneDrive-YourAutomation/Code/Project Gym/backend/node_modules/express/lib/router/layer.js:95:5)\n    at next (/Users/jerelljansson/Library/CloudStorage/OneDrive-YourAutomation/Code/Project Gym/backend/node_modules/express/lib/router/route.js:149:13)\n    at /Users/jerelljansson/Library/CloudStorage/OneDrive-YourAutomation/Code/Project Gym/backend/routes/excerciseRoutes.js:45:5\n    at Layer.handle [as handle_request] (/Users/jerelljansson/Library/CloudStorage/OneDrive-YourAutomation/Code/Project Gym/backend/node_modules/express/lib/router/layer.js:95:5)\n    at next (/Users/jerelljansson/Library/CloudStorage/OneDrive-YourAutomation/Code/Project Gym/backend/node_modules/express/lib/router/route.js:149:13)\n    at Route.dispatch (/Users/jerelljansson/Library/CloudStorage/OneDrive-YourAutomation/Code/Project Gym/backend/node_modules/express/lib/router/route.js:119:3)\n    at Layer.handle [as handle_request] (/Users/jerelljansson/Library/CloudStorage/OneDrive-YourAutomation/Code/Project Gym/backend/node_modules/express/lib/router/layer.js:95:5)\n    at /Users/jerelljansson/Library/CloudStorage/OneDrive-YourAutomation/Code/Project Gym/backend/node_modules/express/lib/router/index.js:284:15\n    at Function.process_params (/Users/jerelljansson/Library/CloudStorage/OneDrive-YourAutomation/Code/Project Gym/backend/node_modules/express/lib/router/index.js:346:12)","timestamp":"2024-07-09T08:57:58.258Z"}
{"level":"info","message":"Verbonden met MongoDB","timestamp":"2024-07-09T08:59:08.531Z"}
{"level":"info","message":"Server draait op poort 5001","timestamp":"2024-07-09T08:59:08.535Z"}
{"level":"info","message":"de naam van de oefening is: 'Ab Roller'","timestamp":"2024-07-09T08:59:12.503Z"}
{"level":"info","message":"Getting excercise with name: 'Ab Roller'","timestamp":"2024-07-09T08:59:12.513Z"}
{"level":"info","message":"de naam van de oefening is: Ab Roller","timestamp":"2024-07-09T08:59:27.809Z"}
{"level":"info","message":"Getting excercise with name: Ab Roller","timestamp":"2024-07-09T08:59:27.817Z"}
{"level":"info","message":"Verbonden met MongoDB","timestamp":"2024-07-09T09:13:07.231Z"}
{"level":"info","message":"Server draait op poort 5001","timestamp":"2024-07-09T09:13:07.234Z"}
{"level":"info","message":"Verbonden met MongoDB","timestamp":"2024-07-09T12:06:46.180Z"}
{"level":"info","message":"Server draait op poort 5001","timestamp":"2024-07-09T12:06:46.184Z"}
{"level":"info","message":"de naam van de oefening is: Ab Roller","timestamp":"2024-07-09T12:07:01.846Z"}
{"level":"info","message":"Getting excercise with name: Ab Roller","timestamp":"2024-07-09T12:07:01.866Z"}
{"level":"info","message":"Verbonden met MongoDB","timestamp":"2024-07-09T13:38:27.842Z"}
{"level":"info","message":"Server draait op poort 5001","timestamp":"2024-07-09T13:38:27.844Z"}
{"level":"info","message":"Verbonden met MongoDB","timestamp":"2024-07-09T13:42:55.572Z"}
{"level":"info","message":"Server draait op poort 5001","timestamp":"2024-07-09T13:42:55.574Z"}
{"level":"info","message":"Verbonden met MongoDB","timestamp":"2024-07-09T14:07:27.056Z"}
{"level":"info","message":"Server draait op poort 5001","timestamp":"2024-07-09T14:07:27.059Z"}
{"level":"info","message":"Verbonden met MongoDB","timestamp":"2024-07-09T14:16:27.977Z"}
{"level":"info","message":"Server draait op poort 5001","timestamp":"2024-07-09T14:16:27.979Z"}
{"level":"info","message":"Verbonden met MongoDB","timestamp":"2024-07-09T14:56:17.534Z"}
{"level":"info","message":"Server draait op poort 5001","timestamp":"2024-07-09T14:56:17.536Z"}
{"level":"info","message":"Verbonden met MongoDB","timestamp":"2024-07-09T14:57:36.271Z"}
{"level":"info","message":"Server draait op poort 5001","timestamp":"2024-07-09T14:57:36.273Z"}
{"level":"info","message":"Verbonden met MongoDB","timestamp":"2024-07-09T14:59:12.960Z"}
{"level":"info","message":"Server draait op poort 5001","timestamp":"2024-07-09T14:59:12.962Z"}
{"level":"info","message":"Verbonden met MongoDB","timestamp":"2024-07-09T14:59:37.701Z"}
{"level":"info","message":"Server draait op poort 5001","timestamp":"2024-07-09T14:59:37.703Z"}
{"level":"info","message":"Verbonden met MongoDB","timestamp":"2024-07-09T15:00:04.550Z"}
{"level":"info","message":"Server draait op poort 5001","timestamp":"2024-07-09T15:00:04.551Z"}
{"level":"info","message":"Verbonden met MongoDB","timestamp":"2024-07-09T15:54:41.806Z"}
{"level":"info","message":"Server draait op poort 5001","timestamp":"2024-07-09T15:54:41.809Z"}
{"level":"info","message":"Verbonden met MongoDB","timestamp":"2024-07-09T16:40:42.751Z"}
{"level":"info","message":"Server draait op poort 5001","timestamp":"2024-07-09T16:40:42.754Z"}
{"level":"info","message":"Verbonden met MongoDB","timestamp":"2024-07-11T09:40:11.300Z"}
{"level":"info","message":"Server draait op poort 5001","timestamp":"2024-07-11T09:40:11.302Z"}
{"level":"info","message":"Verbonden met MongoDB","timestamp":"2024-07-11T09:46:01.313Z"}
{"level":"info","message":"Server draait op poort 5001","timestamp":"2024-07-11T09:46:01.315Z"}
{"level":"info","message":"Verbonden met MongoDB","timestamp":"2024-07-11T09:57:18.375Z"}
{"level":"info","message":"Server draait op poort 5001","timestamp":"2024-07-11T09:57:18.377Z"}
{"level":"info","message":"Verbonden met MongoDB","timestamp":"2024-07-11T10:00:02.668Z"}
{"level":"info","message":"Server draait op poort 5001","timestamp":"2024-07-11T10:00:02.670Z"}
